<?xml version="1.0" encoding="UTF-8"?>
<testng-results ignored="0" total="1" passed="1" failed="0" skipped="0">
  <reporter-output>
  </reporter-output>
  <suite started-at="2025-05-24T20:00:16 IST" name="Default suite" finished-at="2025-05-24T20:00:25 IST" duration-ms="9299">
    <groups>
      <group name="smoke">
        <method signature="LoginTest.registrationTest()[pri:0, instance:com.ui.tests.LoginTest@68df9280]" name="registrationTest" class="com.ui.tests.LoginTest"/>
      </group> <!-- smoke -->
      <group name="sanity">
        <method signature="LoginTest.registrationTest()[pri:0, instance:com.ui.tests.LoginTest@68df9280]" name="registrationTest" class="com.ui.tests.LoginTest"/>
      </group> <!-- sanity -->
      <group name="e2e">
        <method signature="LoginTest.registrationTest()[pri:0, instance:com.ui.tests.LoginTest@68df9280]" name="registrationTest" class="com.ui.tests.LoginTest"/>
      </group> <!-- e2e -->
    </groups>
    <test started-at="2025-05-24T20:00:16 IST" name="Default test" finished-at="2025-05-24T20:00:25 IST" duration-ms="9299">
      <class name="com.ui.tests.LoginTest">
        <test-method is-config="true" signature="setup()[pri:0, instance:com.ui.tests.LoginTest@68df9280]" started-at="2025-05-24T20:00:16 IST" name="setup" description="Lunch browser and go to signinpage" finished-at="2025-05-24T20:00:20 IST" duration-ms="3870" status="PASS">
          <reporter-output>
          </reporter-output>
        </test-method> <!-- setup -->
        <test-method signature="registrationTest()[pri:0, instance:com.ui.tests.LoginTest@68df9280]" started-at="2025-05-24T20:00:20 IST" name="registrationTest" description="verfiy the Login details for shopping" finished-at="2025-05-24T20:00:25 IST" duration-ms="5206" status="PASS">
          <reporter-output>
          </reporter-output>
        </test-method> <!-- registrationTest -->
      </class> <!-- com.ui.tests.LoginTest -->
    </test> <!-- Default test -->
  </suite> <!-- Default suite -->
</testng-results>
