<?xml version="1.0" encoding="UTF-8"?>
<testng-results ignored="0" total="1" passed="1" failed="0" skipped="0">
  <reporter-output>
  </reporter-output>
  <suite started-at="2025-05-20T22:07:47 IST" name="Default suite" finished-at="2025-05-20T22:07:58 IST" duration-ms="10884">
    <groups>
      <group name="smoke">
        <method signature="RegisterationTest.registrationTest()[pri:0, instance:com.ui.tests.RegisterationTest@18078bef]" name="registrationTest" class="com.ui.tests.RegisterationTest"/>
      </group> <!-- smoke -->
      <group name="sanity">
        <method signature="RegisterationTest.registrationTest()[pri:0, instance:com.ui.tests.RegisterationTest@18078bef]" name="registrationTest" class="com.ui.tests.RegisterationTest"/>
      </group> <!-- sanity -->
      <group name="e2e">
        <method signature="RegisterationTest.registrationTest()[pri:0, instance:com.ui.tests.RegisterationTest@18078bef]" name="registrationTest" class="com.ui.tests.RegisterationTest"/>
      </group> <!-- e2e -->
    </groups>
    <test started-at="2025-05-20T22:07:47 IST" name="Default test" finished-at="2025-05-20T22:07:58 IST" duration-ms="10884">
      <class name="com.ui.tests.RegisterationTest">
        <test-method is-config="true" signature="setup()[pri:0, instance:com.ui.tests.RegisterationTest@18078bef]" started-at="2025-05-20T22:07:47 IST" name="setup" description="Lunch browser and go to signinpage" finished-at="2025-05-20T22:07:50 IST" duration-ms="3161" status="PASS">
          <reporter-output>
          </reporter-output>
        </test-method> <!-- setup -->
        <test-method signature="registrationTest()[pri:0, instance:com.ui.tests.RegisterationTest@18078bef]" started-at="2025-05-20T22:07:50 IST" name="registrationTest" description="verfiy the registraion details for signin" finished-at="2025-05-20T22:07:58 IST" duration-ms="7667" status="PASS">
          <reporter-output>
          </reporter-output>
        </test-method> <!-- registrationTest -->
      </class> <!-- com.ui.tests.RegisterationTest -->
    </test> <!-- Default test -->
  </suite> <!-- Default suite -->
</testng-results>
