<?xml version="1.0" encoding="UTF-8"?>
<!-- Generated by org.testng.reporters.JUnitXMLReporter -->
<testsuite ignored="0" hostname="DESKTOP-SN1M2SH" failures="1" tests="3" name="Registration Automation Test" time="17.262" errors="0" timestamp="2025-05-24T18:16:56 IST">
  <testcase classname="com.ui.tests.RegisterationTest" name="registrationTest" time="2.495">
    <skipped/>
  </testcase> <!-- registrationTest -->
  <testcase classname="com.ui.tests.RegisterationTest" name="registrationTest" time="0.006">
    <skipped/>
  </testcase> <!-- registrationTest -->
  <testcase classname="com.ui.tests.RegisterationTest" name="registrationTest" time="0.004">
    <failure type="java.lang.NullPointerException" message="Cannot invoke &amp;quot;com.ui.pages.SignupAndLoginPage.enterNameAndMailid(com.ui.pojo.LoginPojo)&amp;quot; because &amp;quot;this.signupAndLoginPage&amp;quot; is null">
      <![CDATA[java.lang.NullPointerException: Cannot invoke "com.ui.pages.SignupAndLoginPage.enterNameAndMailid(com.ui.pojo.LoginPojo)" because "this.signupAndLoginPage" is null
at com.ui.tests.RegisterationTest.registrationTest(RegisterationTest.java:25)
at java.base/java.util.concurrent.Executors$RunnableAdapter.call(Executors.java:539)
at java.base/java.util.concurrent.FutureTask.run(FutureTask.java:264)
at java.base/java.util.concurrent.ThreadPoolExecutor.runWorker(ThreadPoolExecutor.java:1136)
at java.base/java.util.concurrent.ThreadPoolExecutor$Worker.run(ThreadPoolExecutor.java:635)
at java.base/java.lang.Thread.run(Thread.java:842)
... Removed 13 stack frames]]>
    </failure>
  </testcase> <!-- registrationTest -->
</testsuite> <!-- Registration Automation Test -->
